40
151 10
0 0 3 9
3 0 6 10
9 0 2 8
11 0 1 10
12 0 6 6
18 0 6 6
24 0 5 8
29 0 5 6
34 0 9 10
43 0 2 6
45 0 1 8
46 0 4 5
50 0 3 3
53 0 1 4
54 0 4 9
58 0 3 9
61 0 5 9
66 0 2 9
68 0 7 9
75 0 6 6
81 0 5 8
86 0 1 7
87 0 2 3
89 0 6 8
95 0 6 10
101 0 1 9
102 0 5 8
107 0 3 4
110 0 3 7
113 0 3 8
116 0 4 10
120 0 4 10
124 0 7 10
131 0 1 3
132 0 2 4
134 0 2 4
136 0 2 8
138 0 1 5
139 0 2 4
141 0 10 10
113
1 14 1
1 3 1
1 33 1
1 22 1
1 31 1
2 9 1
2 6 1
3 8 1
3 36 1
3 23 1
3 12 1
3 1 1
4 20 1
4 29 1
4 25 1
5 2 1
5 4 1
6 17 1
7 20 1
7 28 1
7 22 1
7 14 1
7 1 1
8 11 1
10 11 1
10 38 1
11 38 1
12 1 1
13 4 1
13 14 1
13 8 1
14 40 1
14 16 1
14 30 1
14 20 1
15 16 1
15 36 1
15 19 1
15 36 1
15 29 1
16 35 1
16 22 1
17 36 1
17 23 1
17 33 1
17 7 1
18 33 1
18 10 1
18 1 1
18 8 1
19 1 1
19 14 1
20 8 1
20 35 1
20 40 1
20 34 1
21 8 1
21 32 1
22 3 1
22 28 1
22 14 1
22 19 1
22 3 1
23 25 1
23 11 1
24 2 1
24 28 1
24 3 1
25 13 1
25 29 1
25 37 1
26 34 1
26 31 1
26 32 1
26 32 1
26 10 1
27 17 1
27 20 1
27 18 1
27 12 1
27 4 1
29 7 1
29 27 1
29 17 1
31 16 1
31 17 1
32 19 1
32 6 1
32 10 1
32 18 1
33 24 1
34 28 1
34 8 1
35 1 1
35 38 1
35 14 1
35 22 1
35 38 1
36 24 1
36 11 1
38 39 1
38 1 1
38 12 1
38 5 1
39 7 1
39 35 1
39 36 1
39 11 1
40 28 1
40 14 1
40 12 1
40 19 1
40 24 1
