20
75 10
0 0 3 3
3 0 2 6
5 0 2 4
7 0 2 10
9 0 6 8
15 0 1 6
16 0 5 9
21 0 5 7
26 0 1 3
27 0 5 6
32 0 1 6
33 0 3 10
36 0 5 9
41 0 4 5
45 0 7 8
52 0 6 10
58 0 8 10
66 0 7 10
73 0 1 10
74 0 1 8
45
1 20 1
3 4 1
4 18 1
5 4 1
5 18 1
5 7 1
5 4 1
5 18 1
6 10 1
6 16 1
6 20 1
7 5 1
7 16 1
7 19 1
7 6 1
8 14 1
8 2 1
8 15 1
8 15 1
8 12 1
10 2 1
11 7 1
11 10 1
11 17 1
11 19 1
12 14 1
12 1 1
12 14 1
13 7 1
13 6 1
13 6 1
14 17 1
14 20 1
14 12 1
14 18 1
15 17 1
15 3 1
17 9 1
17 20 1
17 12 1
18 15 1
18 6 1
20 3 1
20 17 1
20 1 1
