80
63 48
9 2 7 4
0 12 8 10
53 22 10 3
33 33 10 4
58 0 4 6
33 30 4 3
37 30 6 3
58 15 4 3
23 12 10 10
34 17 7 5
40 39 3 8
38 22 5 7
22 30 10 9
58 12 5 3
9 0 4 2
58 6 5 6
53 43 10 4
18 40 4 6
9 7 10 3
34 1 7 6
43 43 4 1
28 5 5 6
8 12 8 10
35 22 3 8
53 33 10 10
19 0 2 8
16 23 5 1
44 22 9 8
24 22 9 8
20 31 2 7
10 22 7 1
43 44 3 3
0 10 10 2
41 19 10 3
21 23 1 8
43 22 1 6
10 26 6 4
21 7 7 4
43 5 8 6
34 7 7 7
43 30 10 6
51 14 7 1
42 5 1 6
34 0 7 1
21 0 4 4
10 40 8 5
32 47 10 1
0 0 9 9
22 39 10 8
21 11 3 1
0 22 10 3
10 31 10 9
32 37 8 10
10 23 5 3
33 12 1 10
53 25 9 8
41 1 1 8
51 15 7 7
0 25 10 5
43 36 8 7
51 11 6 3
16 12 7 10
51 0 7 10
16 2 3 5
33 22 2 2
16 24 5 6
0 30 10 10
21 5 7 2
46 44 7 4
58 18 5 3
51 10 6 1
22 22 2 8
42 1 7 4
0 40 10 8
25 0 9 5
40 37 3 2
32 30 1 4
42 11 9 8
34 14 3 3
10 10 7 2
185
1 40 1
1 29 1
1 7 1
5 23 1
5 79 1
5 29 1
5 33 1
5 63 1
6 11 1
6 50 1
7 61 1
7 25 1
7 79 1
7 77 1
8 56 1
8 58 1
8 62 1
8 63 1
9 28 1
9 79 1
9 52 1
10 3 1
10 46 1
10 22 1
10 67 1
10 3 1
12 40 1
13 54 1
13 18 1
13 30 1
13 14 1
14 71 1
15 39 1
16 39 1
16 25 1
17 63 1
17 25 1
17 49 1
17 34 1
18 46 1
18 51 1
18 4 1
19 70 1
20 8 1
22 34 1
22 4 1
22 19 1
22 54 1
23 54 1
23 34 1
24 51 1
24 12 1
24 34 1
24 9 1
26 68 1
27 79 1
27 9 1
27 19 1
27 51 1
27 66 1
28 58 1
28 80 1
28 60 1
29 14 1
29 54 1
30 58 1
30 24 1
30 17 1
30 5 1
32 41 1
32 30 1
34 15 1
34 67 1
34 33 1
34 9 1
36 34 1
36 41 1
36 77 1
37 59 1
37 34 1
38 10 1
38 35 1
38 55 1
38 67 1
38 76 1
39 75 1
39 8 1
40 58 1
42 41 1
43 10 1
44 22 1
45 62 1
45 15 1
45 48 1
45 41 1
46 52 1
46 77 1
46 60 1
47 60 1
48 55 1
49 34 1
49 74 1
51 62 1
51 48 1
51 31 1
51 30 1
52 37 1
52 2 1
52 2 1
52 62 1
53 7 1
53 41 1
55 34 1
55 19 1
55 16 1
55 13 1
57 31 1
57 53 1
57 8 1
57 49 1
57 80 1
58 3 1
58 18 1
59 6 1
60 65 1
61 70 1
61 44 1
61 19 1
61 49 1
61 66 1
62 16 1
62 31 1
62 27 1
62 45 1
62 13 1
64 11 1
64 59 1
64 39 1
64 20 1
64 8 1
65 29 1
65 67 1
65 26 1
65 42 1
65 57 1
66 32 1
68 40 1
68 22 1
68 75 1
69 2 1
69 44 1
69 55 1
69 24 1
70 77 1
70 7 1
70 39 1
70 76 1
71 37 1
71 4 1
71 64 1
71 63 1
72 13 1
72 22 1
72 39 1
72 35 1
72 50 1
73 34 1
73 12 1
74 65 1
75 67 1
76 47 1
77 19 1
77 35 1
77 32 1
78 74 1
78 14 1
78 26 1
79 56 1
79 68 1
79 55 1
79 34 1
79 26 1
80 17 1
80 13 1
80 72 1
