20
37 17
6 8 3 3
15 0 2 6
12 12 2 4
25 7 2 10
27 11 8 6
14 0 1 6
28 6 9 5
8 1 5 7
27 6 1 3
6 12 6 5
13 0 1 6
14 7 3 10
0 8 5 9
9 8 5 4
0 1 8 7
27 0 10 6
17 7 8 10
17 0 10 7
0 0 10 1
5 8 1 8
45
1 20 1
3 4 1
4 18 1
5 4 1
5 18 1
5 7 1
5 4 1
5 18 1
6 10 1
6 16 1
6 20 1
7 5 1
7 16 1
7 19 1
7 6 1
8 14 1
8 2 1
8 15 1
8 15 1
8 12 1
10 2 1
11 7 1
11 10 1
11 17 1
11 19 1
12 14 1
12 1 1
12 14 1
13 7 1
13 6 1
13 6 1
14 17 1
14 20 1
14 12 1
14 18 1
15 17 1
15 3 1
17 9 1
17 20 1
17 12 1
18 15 1
18 6 1
20 3 1
20 17 1
20 1 1
