40
30 44
0 17 9 3
20 38 10 6
8 8 2 8
0 27 10 1
14 35 6 6
5 0 6 6
0 8 8 5
24 11 6 5
0 35 10 9
11 9 6 2
11 16 8 1
0 13 5 4
21 12 3 3
10 17 1 4
10 35 4 9
20 35 9 3
11 0 5 9
10 27 9 2
0 20 9 7
20 5 6 6
0 0 5 8
9 17 1 7
17 9 3 2
12 29 8 6
20 29 10 6
10 8 1 9
20 0 8 5
11 17 4 3
13 20 3 7
16 0 3 8
26 17 4 10
11 11 10 4
0 28 10 7
21 11 3 1
10 29 2 4
5 13 2 4
19 27 8 2
11 15 5 1
11 20 2 4
16 17 10 10
113
1 14 1
1 3 1
1 33 1
1 22 1
1 31 1
2 9 1
2 6 1
3 8 1
3 36 1
3 23 1
3 12 1
3 1 1
4 20 1
4 29 1
4 25 1
5 2 1
5 4 1
6 17 1
7 20 1
7 28 1
7 22 1
7 14 1
7 1 1
8 11 1
10 11 1
10 38 1
11 38 1
12 1 1
13 4 1
13 14 1
13 8 1
14 40 1
14 16 1
14 30 1
14 20 1
15 16 1
15 36 1
15 19 1
15 36 1
15 29 1
16 35 1
16 22 1
17 36 1
17 23 1
17 33 1
17 7 1
18 33 1
18 10 1
18 1 1
18 8 1
19 1 1
19 14 1
20 8 1
20 35 1
20 40 1
20 34 1
21 8 1
21 32 1
22 3 1
22 28 1
22 14 1
22 19 1
22 3 1
23 25 1
23 11 1
24 2 1
24 28 1
24 3 1
25 13 1
25 29 1
25 37 1
26 34 1
26 31 1
26 32 1
26 32 1
26 10 1
27 17 1
27 20 1
27 18 1
27 12 1
27 4 1
29 7 1
29 27 1
29 17 1
31 16 1
31 17 1
32 19 1
32 6 1
32 10 1
32 18 1
33 24 1
34 28 1
34 8 1
35 1 1
35 38 1
35 14 1
35 22 1
35 38 1
36 24 1
36 11 1
38 39 1
38 1 1
38 12 1
38 5 1
39 7 1
39 35 1
39 36 1
39 11 1
40 28 1
40 14 1
40 12 1
40 19 1
40 24 1
