160
75 70
53 35 1 5
53 60 8 2
69 36 2 6
72 0 3 7
60 10 4 4
64 8 2 6
37 10 9 7
29 63 6 7
54 23 2 7
40 35 4 6
66 58 8 8
35 58 5 4
64 34 10 1
0 44 8 8
56 53 10 5
0 35 3 1
17 0 9 9
12 0 5 10
17 12 7 3
35 42 10 1
12 27 10 8
20 59 1 7
45 26 1 5
53 43 7 10
0 59 8 1
0 52 4 2
8 13 6 1
17 16 10 4
8 57 8 2
46 26 8 4
35 43 7 1
52 58 8 2
35 41 4 1
34 27 5 7
47 60 3 5
16 50 8 9
39 26 6 9
43 43 8 1
28 48 6 2
7 16 5 9
46 15 4 4
0 26 9 9
56 23 4 10
8 14 7 2
46 9 4 6
47 23 5 3
50 9 2 6
55 0 7 7
8 59 5 2
35 44 8 6
60 25 4 10
37 20 8 4
35 35 5 1
43 65 7 5
50 60 3 8
35 36 5 2
43 58 9 2
53 62 9 8
42 50 1 7
51 44 2 8
34 19 2 2
50 8 6 1
9 26 3 8
17 9 3 3
43 60 4 5
0 36 8 8
0 16 7 10
15 59 5 8
67 15 8 7
45 44 6 7
39 0 6 9
35 38 4 3
50 7 9 1
71 36 4 8
27 10 1 6
4 52 3 4
43 44 2 6
45 41 9 2
40 62 3 4
60 43 7 10
24 26 7 1
14 35 2 8
17 20 9 5
24 50 10 9
34 21 3 3
60 15 7 10
44 35 8 6
62 0 10 7
43 51 8 7
16 36 5 6
28 19 6 4
37 17 9 3
9 61 6 9
52 0 3 3
52 35 1 2
21 59 8 10
67 47 7 6
8 52 6 5
0 61 9 9
40 58 3 3
35 50 7 7
60 8 4 2
58 35 8 8
28 17 7 2
16 35 2 1
51 43 2 1
12 16 5 9
31 27 3 4
8 7 4 3
21 37 5 5
52 15 8 8
16 42 7 8
8 44 8 5
67 35 5 1
28 15 9 2
27 24 10 2
28 10 6 5
28 43 7 5
27 35 4 6
31 31 2 4
25 43 3 3
54 35 4 4
31 0 8 8
64 25 10 9
8 35 6 9
46 23 1 2
37 24 9 1
21 35 6 2
23 42 2 8
0 54 4 3
22 27 2 8
29 59 5 4
46 19 6 2
66 7 9 6
46 21 5 1
52 9 8 6
8 0 3 7
27 0 4 10
46 34 9 1
15 67 5 3
67 36 2 7
67 44 7 3
67 22 4 3
0 0 8 10
17 15 8 1
46 0 6 7
17 25 10 1
35 62 5 8
31 35 4 7
12 26 9 1
8 49 8 3
20 9 7 2
25 42 10 1
24 27 7 8
62 60 4 10
51 53 5 5
46 30 6 4
14 13 3 1
8 10 7 3
46 7 3 2
408
1 133 1
1 73 1
1 127 1
1 87 1
1 141 1
2 156 1
2 37 1
3 7 1
3 122 1
5 6 1
5 54 1
5 95 1
5 95 1
5 9 1
6 120 1
6 100 1
7 100 1
8 134 1
9 74 1
9 139 1
9 25 1
10 115 1
10 147 1
11 13 1
11 148 1
11 139 1
13 25 1
13 61 1
13 114 1
14 37 1
14 98 1
14 66 1
14 26 1
15 120 1
15 81 1
16 36 1
16 27 1
16 40 1
16 109 1
17 116 1
17 150 1
18 34 1
18 3 1
19 60 1
19 21 1
20 155 1
20 49 1
20 120 1
20 45 1
20 157 1
21 12 1
21 118 1
22 69 1
22 13 1
22 127 1
22 34 1
23 146 1
23 46 1
23 22 1
23 11 1
23 79 1
24 156 1
25 64 1
27 81 1
27 40 1
27 117 1
28 83 1
30 58 1
30 151 1
30 104 1
30 135 1
30 103 1
31 19 1
31 78 1
32 53 1
33 111 1
33 67 1
33 44 1
34 146 1
34 75 1
34 38 1
37 98 1
37 29 1
37 51 1
37 16 1
37 42 1
38 92 1
38 26 1
39 50 1
39 90 1
39 84 1
39 103 1
39 12 1
40 17 1
41 109 1
42 140 1
42 96 1
42 113 1
42 119 1
42 127 1
45 141 1
45 53 1
45 105 1
46 52 1
47 48 1
47 122 1
47 126 1
47 48 1
47 108 1
49 62 1
50 89 1
50 76 1
50 116 1
50 39 1
51 114 1
51 30 1
52 51 1
52 38 1
52 100 1
52 86 1
52 93 1
53 107 1
53 84 1
53 43 1
53 1 1
53 41 1
55 36 1
56 91 1
56 32 1
57 65 1
57 150 1
57 115 1
58 83 1
58 52 1
58 68 1
58 59 1
58 41 1
59 130 1
59 81 1
60 70 1
61 117 1
62 149 1
62 10 1
63 23 1
63 115 1
63 118 1
63 2 1
63 101 1
64 86 1
64 97 1
66 56 1
67 98 1
67 73 1
69 142 1
70 89 1
70 126 1
70 152 1
70 126 1
71 122 1
71 88 1
71 33 1
71 47 1
71 119 1
72 153 1
72 46 1
72 58 1
72 108 1
72 123 1
74 51 1
74 88 1
75 107 1
75 138 1
75 152 1
75 91 1
76 72 1
76 17 1
77 128 1
77 145 1
77 70 1
77 61 1
79 50 1
79 149 1
80 11 1
81 104 1
81 156 1
81 139 1
81 70 1
82 79 1
82 112 1
82 16 1
82 120 1
82 14 1
83 113 1
83 128 1
84 36 1
84 97 1
85 37 1
87 104 1
87 31 1
87 70 1
87 116 1
88 123 1
89 38 1
89 48 1
89 79 1
89 33 1
90 158 1
90 31 1
90 14 1
90 97 1
91 126 1
91 108 1
91 87 1
91 144 1
91 11 1
92 58 1
92 104 1
92 97 1
93 89 1
93 29 1
94 86 1
94 24 1
94 157 1
95 37 1
95 118 1
95 9 1
95 123 1
97 68 1
97 117 1
97 106 1
99 9 1
99 148 1
99 29 1
99 51 1
100 92 1
100 101 1
100 17 1
101 83 1
101 113 1
101 21 1
102 93 1
103 95 1
103 152 1
103 62 1
103 38 1
104 149 1
105 125 1
105 122 1
106 47 1
106 95 1
106 15 1
107 63 1
107 137 1
108 80 1
110 68 1
110 82 1
110 52 1
110 17 1
110 141 1
111 28 1
111 59 1
111 87 1
111 47 1
111 39 1
112 44 1
112 2 1
112 76 1
112 65 1
112 151 1
113 95 1
113 68 1
113 107 1
113 63 1
113 87 1
114 86 1
116 55 1
116 92 1
116 93 1
117 60 1
118 135 1
118 150 1
118 145 1
119 142 1
119 6 1
119 63 1
119 112 1
119 136 1
120 10 1
120 124 1
120 114 1
120 56 1
121 110 1
122 59 1
122 9 1
122 116 1
122 43 1
122 127 1
123 27 1
123 40 1
123 35 1
123 87 1
124 22 1
124 74 1
124 9 1
124 80 1
125 39 1
125 124 1
125 70 1
126 127 1
126 95 1
126 20 1
126 136 1
126 40 1
127 44 1
127 52 1
127 128 1
127 94 1
127 94 1
128 108 1
128 100 1
129 99 1
129 3 1
129 29 1
129 57 1
130 151 1
131 154 1
131 28 1
131 121 1
132 24 1
132 16 1
133 89 1
133 52 1
135 8 1
135 45 1
136 51 1
136 134 1
136 46 1
136 123 1
137 111 1
138 132 1
138 160 1
138 129 1
139 144 1
139 83 1
139 107 1
139 110 1
140 129 1
140 49 1
140 148 1
141 103 1
141 123 1
141 15 1
143 44 1
143 60 1
143 72 1
143 105 1
144 70 1
144 16 1
144 125 1
144 134 1
145 22 1
145 107 1
145 159 1
145 114 1
145 112 1
146 71 1
146 115 1
146 42 1
146 86 1
147 34 1
147 71 1
147 29 1
147 12 1
148 82 1
149 85 1
149 70 1
149 8 1
149 61 1
150 148 1
151 81 1
151 50 1
151 45 1
151 20 1
152 88 1
152 146 1
153 91 1
153 28 1
153 35 1
153 128 1
154 53 1
154 4 1
154 110 1
154 157 1
154 142 1
155 86 1
156 35 1
156 39 1
156 17 1
157 109 1
157 65 1
157 55 1
157 73 1
157 85 1
158 56 1
159 133 1
159 79 1
160 22 1
160 104 1
